<?xml version="1.0" encoding="UTF-8"?>
<!-- Generated by org.testng.reporters.JUnitReportReporter -->
<testsuite skipped="0" hostname="neda-Aspire-A315-21" name="Tests.HomePagesTest" tests="1" failures="0" timestamp="2020-04-02T00:37:56 CEST" time="12.811" errors="0">
  <testcase name="leadSameURL" time="12.811" classname="Tests.HomePagesTest"/>
  <system-out/>
</testsuite> <!-- Tests.HomePagesTest -->
