<?xml version="1.0" encoding="UTF-8"?>
<!-- Generated by org.testng.reporters.JUnitReportReporter -->
<testsuite skipped="0" hostname="neda-Aspire-A315-21" name="Tests.DressBuy" tests="2" failures="0" timestamp="2020-04-01T23:53:50 CEST" time="26.925" errors="0">
  <testcase name="BuyDress" time="9.243" classname="Tests.DressBuy"/>
  <system-out/>
  <testcase name="getRegistration" time="17.682" classname="Tests.DressBuy"/>
  <system-out/>
</testsuite> <!-- Tests.DressBuy -->
